# JRE version: Java(TM) SE Runtime Environment (21.0.1+12) (build 21.0.1+12-LTS-29)
# Java VM: Java HotSpot(TM) 64-Bit Server VM (21.0.1+12-LTS-29, mixed mode, sharing, tiered, compressed oops, compressed class ptrs, g1 gc, linux-amd64)
GC Precious Log:
 CardTable entry size: 512
 Card Set container configuration: InlinePtr #cards 5 size 8 Array Of Cards #cards 12 size 40 Howl #buckets 4 coarsen threshold 1843 Howl Bitmap #cards 512 size 80 coarsen threshold 460 Card regions per heap region 1 cards per card region 2048
 CPUs: 8 total, 8 available
 Memory: 7809M
 Large Page Support: Disabled
 NUMA Support: Disabled
 Compressed Oops: Enabled (32-bit)
 Heap Region Size: 1M
 Heap Min Capacity: 8M
 Heap Initial Capacity: 124M
 Heap Max Capacity: 1954M
 Pre-touch: Disabled
 Parallel Workers: 8
 Concurrent Workers: 2
 Concurrent Refinement Workers: 8
 Periodic GC: Disabled
Heap:
 garbage-first heap   total 89088K, used 79110K [0x0000000085e00000, 0x0000000100000000)
  region size 1024K, 44 young (45056K), 3 survivors (3072K)
 Metaspace       used 82027K, committed 82752K, reserved 1179648K
  class space    used 10641K, committed 10944K, reserved 1048576K
GC Heap History (20 events):
Event: 2.289 GC heap after
{Heap after GC invocations=3 (full 0):
 garbage-first heap   total 129024K, used 16997K [0x0000000085e00000, 0x0000000100000000)
  region size 1024K, 8 young (8192K), 8 survivors (8192K)
 Metaspace       used 21186K, committed 21504K, reserved 1114112K
  class space    used 2505K, committed 2688K, reserved 1048576K
}
Event: 3.412 GC heap before
{Heap before GC invocations=4 (full 0):
 garbage-first heap   total 68608K, used 67173K [0x0000000085e00000, 0x0000000100000000)
  region size 1024K, 57 young (58368K), 8 survivors (8192K)
 Metaspace       used 29810K, committed 30208K, reserved 1114112K
  class space    used 3628K, committed 3776K, reserved 1048576K
}
Event: 3.432 GC heap after
{Heap after GC invocations=5 (full 0):
 garbage-first heap   total 79872K, used 20416K [0x0000000085e00000, 0x0000000100000000)
  region size 1024K, 4 young (4096K), 4 survivors (4096K)
 Metaspace       used 29810K, committed 30208K, reserved 1114112K
  class space    used 3628K, committed 3776K, reserved 1048576K
}
Event: 4.259 GC heap before
{Heap before GC invocations=5 (full 0):
 garbage-first heap   total 79872K, used 62400K [0x0000000085e00000, 0x0000000100000000)
  region size 1024K, 45 young (46080K), 4 survivors (4096K)
 Metaspace       used 34656K, committed 35200K, reserved 1114112K
  class space    used 4268K, committed 4544K, reserved 1048576K
}
Event: 4.272 GC heap after
{Heap after GC invocations=6 (full 0):
 garbage-first heap   total 79872K, used 23457K [0x0000000085e00000, 0x0000000100000000)
  region size 1024K, 3 young (3072K), 3 survivors (3072K)
 Metaspace       used 34656K, committed 35200K, reserved 1114112K
  class space    used 4268K, committed 4544K, reserved 1048576K
}
Event: 4.402 GC heap before
{Heap before GC invocations=6 (full 0):
 garbage-first heap   total 79872K, used 29601K [0x0000000085e00000, 0x0000000100000000)
  region size 1024K, 10 young (10240K), 3 survivors (3072K)
 Metaspace       used 35658K, committed 36160K, reserved 1114112K
  class space    used 4402K, committed 4672K, reserved 1048576K
}
Event: 4.409 GC heap after
{Heap after GC invocations=7 (full 0):
 garbage-first heap   total 96256K, used 24291K [0x0000000085e00000, 0x0000000100000000)
  region size 1024K, 4 young (4096K), 4 survivors (4096K)
 Metaspace       used 35658K, committed 36160K, reserved 1114112K
  class space    used 4402K, committed 4672K, reserved 1048576K
}
Event: 6.224 GC heap before
{Heap before GC invocations=8 (full 0):
 garbage-first heap   total 89088K, used 73443K [0x0000000085e00000, 0x0000000100000000)
  region size 1024K, 52 young (53248K), 4 survivors (4096K)
 Metaspace       used 50388K, committed 50944K, reserved 1114112K
  class space    used 6348K, committed 6592K, reserved 1048576K
}
Event: 6.240 GC heap after
{Heap after GC invocations=9 (full 0):
 garbage-first heap   total 89088K, used 27553K [0x0000000085e00000, 0x0000000100000000)
  region size 1024K, 7 young (7168K), 7 survivors (7168K)
 Metaspace       used 50388K, committed 50944K, reserved 1114112K
  class space    used 6348K, committed 6592K, reserved 1048576K
}
Event: 7.023 GC heap before
{Heap before GC invocations=9 (full 0):
 garbage-first heap   total 89088K, used 68513K [0x0000000085e00000, 0x0000000100000000)
  region size 1024K, 49 young (50176K), 7 survivors (7168K)
 Metaspace       used 60518K, committed 61056K, reserved 1114112K
  class space    used 7868K, committed 8128K, reserved 1048576K
}
Event: 7.034 GC heap after
{Heap after GC invocations=10 (full 0):
 garbage-first heap   total 89088K, used 28351K [0x0000000085e00000, 0x0000000100000000)
  region size 1024K, 5 young (5120K), 5 survivors (5120K)
 Metaspace       used 60518K, committed 61056K, reserved 1114112K
  class space    used 7868K, committed 8128K, reserved 1048576K
}
Event: 7.047 GC heap before
{Heap before GC invocations=10 (full 0):
 garbage-first heap   total 89088K, used 28351K [0x0000000085e00000, 0x0000000100000000)
  region size 1024K, 6 young (6144K), 5 survivors (5120K)
 Metaspace       used 60857K, committed 61376K, reserved 1114112K
  class space    used 7902K, committed 8128K, reserved 1048576K
}
Event: 7.053 GC heap after
{Heap after GC invocations=11 (full 0):
 garbage-first heap   total 89088K, used 28418K [0x0000000085e00000, 0x0000000100000000)
  region size 1024K, 2 young (2048K), 2 survivors (2048K)
 Metaspace       used 60857K, committed 61376K, reserved 1114112K
  class space    used 7902K, committed 8128K, reserved 1048576K
}
Event: 7.769 GC heap before
{Heap before GC invocations=12 (full 0):
 garbage-first heap   total 89088K, used 78594K [0x0000000085e00000, 0x0000000100000000)
  region size 1024K, 51 young (52224K), 2 survivors (2048K)
 Metaspace       used 66536K, committed 67136K, reserved 1114112K
  class space    used 8702K, committed 8960K, reserved 1048576K
}
Event: 7.774 GC heap after
{Heap after GC invocations=13 (full 0):
 garbage-first heap   total 89088K, used 31084K [0x0000000085e00000, 0x0000000100000000)
  region size 1024K, 5 young (5120K), 5 survivors (5120K)
 Metaspace       used 66536K, committed 67136K, reserved 1114112K
  class space    used 8702K, committed 8960K, reserved 1048576K
}
Event: 8.444 GC heap before
{Heap before GC invocations=13 (full 0):
 garbage-first heap   total 89088K, used 78188K [0x0000000085e00000, 0x0000000100000000)
  region size 1024K, 51 young (52224K), 5 survivors (5120K)
 Metaspace       used 69568K, committed 70272K, reserved 1114112K
  class space    used 9145K, committed 9472K, reserved 1048576K
}
Event: 8.453 GC heap after
{Heap after GC invocations=14 (full 0):
 garbage-first heap   total 89088K, used 34650K [0x0000000085e00000, 0x0000000100000000)
  region size 1024K, 7 young (7168K), 7 survivors (7168K)
 Metaspace       used 69568K, committed 70272K, reserved 1114112K
  class space    used 9145K, committed 9472K, reserved 1048576K
}
Event: 9.142 GC heap before
{Heap before GC invocations=14 (full 0):
 garbage-first heap   total 89088K, used 75610K [0x0000000085e00000, 0x0000000100000000)
  region size 1024K, 47 young (48128K), 7 survivors (7168K)
 Metaspace       used 72729K, committed 73536K, reserved 1114112K
  class space    used 9607K, committed 9984K, reserved 1048576K
}
Event: 9.153 GC heap after
{Heap after GC invocations=15 (full 0):
 garbage-first heap   total 89088K, used 37126K [0x0000000085e00000, 0x0000000100000000)
  region size 1024K, 4 young (4096K), 4 survivors (4096K)
 Metaspace       used 72729K, committed 73536K, reserved 1114112K
  class space    used 9607K, committed 9984K, reserved 1048576K
}
Event: 1233.744 GC heap before
{Heap before GC invocations=15 (full 0):
 garbage-first heap   total 89088K, used 78086K [0x0000000085e00000, 0x0000000100000000)
  region size 1024K, 45 young (46080K), 4 survivors (4096K)
 Metaspace       used 82027K, committed 82752K, reserved 1179648K
  class space    used 10641K, committed 10944K, reserved 1048576K
}

