# JRE version: Java(TM) SE Runtime Environment (21.0.1+12) (build 21.0.1+12-LTS-29)
# Java VM: Java HotSpot(TM) 64-Bit Server VM (21.0.1+12-LTS-29, mixed mode, sharing, tiered, compressed oops, compressed class ptrs, g1 gc, linux-amd64)
GC Precious Log:
 CardTable entry size: 512
 Card Set container configuration: InlinePtr #cards 5 size 8 Array Of Cards #cards 12 size 40 Howl #buckets 4 coarsen threshold 1843 Howl Bitmap #cards 512 size 80 coarsen threshold 460 Card regions per heap region 1 cards per card region 2048
 CPUs: 8 total, 8 available
 Memory: 7809M
 Large Page Support: Disabled
 NUMA Support: Disabled
 Compressed Oops: Enabled (32-bit)
 Heap Region Size: 1M
 Heap Min Capacity: 8M
 Heap Initial Capacity: 124M
 Heap Max Capacity: 1954M
 Pre-touch: Disabled
 Parallel Workers: 8
 Concurrent Workers: 2
 Concurrent Refinement Workers: 8
 Periodic GC: Disabled
Heap:
 garbage-first heap   total 86016K, used 44883K [0x0000000085e00000, 0x0000000100000000)
  region size 1024K, 25 young (25600K), 4 survivors (4096K)
 Metaspace       used 43466K, committed 44032K, reserved 1114112K
  class space    used 5281K, committed 5568K, reserved 1048576K
GC Heap History (12 events):
Event: 1.650 GC heap before
{Heap before GC invocations=0 (full 0):
 garbage-first heap   total 129024K, used 24606K [0x0000000085e00000, 0x0000000100000000)
  region size 1024K, 23 young (23552K), 0 survivors (0K)
 Metaspace       used 4669K, committed 4864K, reserved 1114112K
  class space    used 504K, committed 640K, reserved 1048576K
}
Event: 1.667 GC heap after
{Heap after GC invocations=1 (full 0):
 garbage-first heap   total 129024K, used 9055K [0x0000000085e00000, 0x0000000100000000)
  region size 1024K, 3 young (3072K), 3 survivors (3072K)
 Metaspace       used 4669K, committed 4864K, reserved 1114112K
  class space    used 504K, committed 640K, reserved 1048576K
}
Event: 2.555 GC heap before
{Heap before GC invocations=1 (full 0):
 garbage-first heap   total 129024K, used 35679K [0x0000000085e00000, 0x0000000100000000)
  region size 1024K, 30 young (30720K), 3 survivors (3072K)
 Metaspace       used 11172K, committed 11520K, reserved 1114112K
  class space    used 1315K, committed 1472K, reserved 1048576K
}
Event: 2.564 GC heap after
{Heap after GC invocations=2 (full 0):
 garbage-first heap   total 129024K, used 10949K [0x0000000085e00000, 0x0000000100000000)
  region size 1024K, 2 young (2048K), 2 survivors (2048K)
 Metaspace       used 11172K, committed 11520K, reserved 1114112K
  class space    used 1315K, committed 1472K, reserved 1048576K
}
Event: 4.314 GC heap before
{Heap before GC invocations=2 (full 0):
 garbage-first heap   total 129024K, used 80581K [0x0000000085e00000, 0x0000000100000000)
  region size 1024K, 72 young (73728K), 2 survivors (2048K)
 Metaspace       used 21194K, committed 21504K, reserved 1114112K
  class space    used 2506K, committed 2688K, reserved 1048576K
}
Event: 4.328 GC heap after
{Heap after GC invocations=3 (full 0):
 garbage-first heap   total 129024K, used 16673K [0x0000000085e00000, 0x0000000100000000)
  region size 1024K, 8 young (8192K), 8 survivors (8192K)
 Metaspace       used 21194K, committed 21504K, reserved 1114112K
  class space    used 2506K, committed 2688K, reserved 1048576K
}
Event: 5.983 GC heap before
{Heap before GC invocations=4 (full 0):
 garbage-first heap   total 68608K, used 66849K [0x0000000085e00000, 0x0000000100000000)
  region size 1024K, 57 young (58368K), 8 survivors (8192K)
 Metaspace       used 29795K, committed 30144K, reserved 1114112K
  class space    used 3628K, committed 3776K, reserved 1048576K
}
Event: 6.007 GC heap after
{Heap after GC invocations=5 (full 0):
 garbage-first heap   total 79872K, used 20338K [0x0000000085e00000, 0x0000000100000000)
  region size 1024K, 4 young (4096K), 4 survivors (4096K)
 Metaspace       used 29795K, committed 30144K, reserved 1114112K
  class space    used 3628K, committed 3776K, reserved 1048576K
}
Event: 7.145 GC heap before
{Heap before GC invocations=5 (full 0):
 garbage-first heap   total 79872K, used 62322K [0x0000000085e00000, 0x0000000100000000)
  region size 1024K, 45 young (46080K), 4 survivors (4096K)
 Metaspace       used 34640K, committed 35200K, reserved 1114112K
  class space    used 4272K, committed 4544K, reserved 1048576K
}
Event: 7.162 GC heap after
{Heap after GC invocations=6 (full 0):
 garbage-first heap   total 79872K, used 23379K [0x0000000085e00000, 0x0000000100000000)
  region size 1024K, 3 young (3072K), 3 survivors (3072K)
 Metaspace       used 34640K, committed 35200K, reserved 1114112K
  class space    used 4272K, committed 4544K, reserved 1048576K
}
Event: 7.316 GC heap before
{Heap before GC invocations=6 (full 0):
 garbage-first heap   total 79872K, used 28499K [0x0000000085e00000, 0x0000000100000000)
  region size 1024K, 9 young (9216K), 3 survivors (3072K)
 Metaspace       used 35547K, committed 36096K, reserved 1114112K
  class space    used 4395K, committed 4672K, reserved 1048576K
}
Event: 7.326 GC heap after
{Heap after GC invocations=7 (full 0):
 garbage-first heap   total 96256K, used 24403K [0x0000000085e00000, 0x0000000100000000)
  region size 1024K, 4 young (4096K), 4 survivors (4096K)
 Metaspace       used 35547K, committed 36096K, reserved 1114112K
  class space    used 4395K, committed 4672K, reserved 1048576K
}

