<?xml version="1.0" encoding="UTF-8"?>
<testsuite xmlns:xsi="http://www.w3.org/2001/XMLSchema-instance" xsi:noNamespaceSchemaLocation="https://maven.apache.org/surefire/maven-surefire-plugin/xsd/surefire-test-report-3.0.xsd" version="3.0" name="com.mirai.MiraiApplicationTests" time="9.531" tests="1" errors="0" skipped="0" failures="0">
  <properties>
[...]
</properties>
  <testcase name="contextLoads" classname="com.mirai.MiraiApplicationTests" time="0.815">
    <system-out><![CDATA[15:38:14.495 [main] INFO org.springframework.test.context.support.AnnotationConfigContextLoaderUtils -- Could not detect default configuration classes for test class [com.mirai.MiraiApplicationTests]: MiraiApplicationTests does not declare any static, non-private, non-final, nested classes annotated with @Configuration.
15:38:14.646 [main] INFO org.springframework.boot.test.context.SpringBootTestContextBootstrapper -- Found @SpringBootConfiguration com.mirai.MiraiApplication for test class com.mirai.MiraiApplicationTests

  .   ____          _            __ _ _
 /\\ / ___'_ __ _ _(_)_ __  __ _ \ \ \ \
( ( )\___ | '_ | '_| | '_ \/ _` | \ \ \ \
 \\/  ___)| |_)| | | | | || (_| |  ) ) ) )
  '  |____| .__|_| |_|_| |_\__, | / / / /
 =========|_|==============|___/=/_/_/_/
 :: Spring Boot ::                (v3.2.3)

2024-03-14T15:38:15.292+05:30  INFO 34664 --- [           main] com.mirai.MiraiApplicationTests          : Starting MiraiApplicationTests using Java 19.0.2 with PID 34664 (started by mindit sys in D:\MindIT_Projects\SpringBoot_Live\mirai\mirai)
2024-03-14T15:38:15.294+05:30  INFO 34664 --- [           main] com.mirai.MiraiApplicationTests          : No active profile set, falling back to 1 default profile: "default"
2024-03-14T15:38:17.114+05:30  INFO 34664 --- [           main] .s.d.r.c.RepositoryConfigurationDelegate : Bootstrapping Spring Data JPA repositories in DEFAULT mode.
2024-03-14T15:38:17.231+05:30  INFO 34664 --- [           main] .s.d.r.c.RepositoryConfigurationDelegate : Finished Spring Data repository scanning in 103 ms. Found 1 JPA repository interface.
2024-03-14T15:38:18.087+05:30  WARN 34664 --- [           main] com.zaxxer.hikari.HikariConfig           : HikariPool-1 - maxLifetime is less than 30000ms, setting to default 1800000ms.
2024-03-14T15:38:18.088+05:30  INFO 34664 --- [           main] com.zaxxer.hikari.HikariDataSource       : HikariPool-1 - Starting...
2024-03-14T15:38:18.957+05:30  INFO 34664 --- [           main] com.zaxxer.hikari.pool.HikariPool        : HikariPool-1 - Added connection com.mysql.cj.jdbc.ConnectionImpl@45f9d394
2024-03-14T15:38:18.963+05:30  INFO 34664 --- [           main] com.zaxxer.hikari.HikariDataSource       : HikariPool-1 - Start completed.
2024-03-14T15:38:19.050+05:30  INFO 34664 --- [           main] o.hibernate.jpa.internal.util.LogHelper  : HHH000204: Processing PersistenceUnitInfo [name: default]
2024-03-14T15:38:19.145+05:30  INFO 34664 --- [           main] org.hibernate.Version                    : HHH000412: Hibernate ORM core version 6.4.4.Final
2024-03-14T15:38:19.209+05:30  INFO 34664 --- [           main] o.h.c.internal.RegionFactoryInitiator    : HHH000026: Second-level cache disabled
2024-03-14T15:38:19.639+05:30  INFO 34664 --- [           main] o.s.o.j.p.SpringPersistenceUnitInfo      : No LoadTimeWeaver setup: ignoring JPA class transformer
2024-03-14T15:38:19.916+05:30  WARN 34664 --- [           main] org.hibernate.orm.deprecation            : HHH90000025: MySQLDialect does not need to be specified explicitly using 'hibernate.dialect' (remove the property setting and it will be selected by default)
2024-03-14T15:38:20.858+05:30  INFO 34664 --- [           main] o.h.e.t.j.p.i.JtaPlatformInitiator       : HHH000489: No JTA platform available (set 'hibernate.transaction.jta.platform' to enable JTA platform integration)
2024-03-14T15:38:20.863+05:30  INFO 34664 --- [           main] j.LocalContainerEntityManagerFactoryBean : Initialized JPA EntityManagerFactory for persistence unit 'default'
2024-03-14T15:38:21.673+05:30  WARN 34664 --- [           main] JpaBaseConfiguration$JpaWebConfiguration : spring.jpa.open-in-view is enabled by default. Therefore, database queries may be performed during view rendering. Explicitly configure spring.jpa.open-in-view to disable this warning
2024-03-14T15:38:22.722+05:30  INFO 34664 --- [           main] o.s.b.a.e.web.EndpointLinksResolver      : Exposing 1 endpoint(s) beneath base path '/actuator'
2024-03-14T15:38:22.816+05:30  INFO 34664 --- [           main] com.mirai.MiraiApplicationTests          : Started MiraiApplicationTests in 7.918 seconds (process running for 9.35)
]]></system-out>
  </testcase>
</testsuite>